Sun Apr 02 09:42:42 EEST 2017 : Apache Derby Network Server - 10.11.1.2 - (1629631) started and ready to accept connections on port 1527
----------------------------------------------------------------
Sun Apr 02 09:43:27 EEST 2017:
Booting Derby version The Apache Software Foundation - Apache Derby - 10.11.1.2 - (1629631): instance a816c00e-015b-2d66-c6a9-ffff987312f4 
on database directory C:\Users\ilysionLaptop\Desktop\CMDbuddy\CommandlineBuddy\src\main\DB\BuddyDatabase with class loader sun.misc.Launcher$AppClassLoader@6f94fa3e 
Loaded from file:/C:/Program%20Files/Java/jdk1.8.0_121/db/lib/derby.jar
java.vendor=Oracle Corporation
java.runtime.version=1.8.0_121-b13
user.dir=C:\Program Files\Java\jdk1.8.0_121\db
os.name=Windows 7
os.arch=amd64
os.version=6.1
derby.system.home=C:\Users\ilysionLaptop\Desktop\CMDbuddy\CommandlineBuddy\src\main\DB
Database Class Loader started - derby.database.classpath=''
----------------------------------------------------------------
Sun Apr 02 09:43:28 EEST 2017:
Shutting down instance a816c00e-015b-2d66-c6a9-ffff987312f4 on database directory C:\Users\ilysionLaptop\Desktop\CMDbuddy\CommandlineBuddy\src\main\DB\BuddyDatabase with class loader sun.misc.Launcher$AppClassLoader@6f94fa3e 
Sun Apr 02 09:43:28 EEST 2017 Thread[DRDAConnThread_3,5,main] (DATABASE = BuddyDatabase), (DRDAID = {2}), Database 'BuddyDatabase' shutdown.
----------------------------------------------------------------
Sun Apr 02 10:11:29 EEST 2017:
Booting Derby version The Apache Software Foundation - Apache Derby - 10.11.1.2 - (1629631): instance 08264012-015b-2d66-c6a9-ffff987312f4 
on database directory C:\Users\ilysionLaptop\Desktop\CMDbuddy\CommandlineBuddy\src\main\DB\BuddyDatabase with class loader sun.misc.Launcher$AppClassLoader@6f94fa3e 
Loaded from file:/C:/Program%20Files/Java/jdk1.8.0_121/db/lib/derby.jar
java.vendor=Oracle Corporation
java.runtime.version=1.8.0_121-b13
user.dir=C:\Program Files\Java\jdk1.8.0_121\db
os.name=Windows 7
os.arch=amd64
os.version=6.1
derby.system.home=C:\Users\ilysionLaptop\Desktop\CMDbuddy\CommandlineBuddy\src\main\DB
Database Class Loader started - derby.database.classpath=''
----------------------------------------------------------------
Sun Apr 02 10:17:09 EEST 2017:
Shutting down instance 08264012-015b-2d66-c6a9-ffff987312f4 on database directory C:\Users\ilysionLaptop\Desktop\CMDbuddy\CommandlineBuddy\src\main\DB\BuddyDatabase with class loader sun.misc.Launcher$AppClassLoader@6f94fa3e 
Sun Apr 02 10:17:09 EEST 2017 Thread[DRDAConnThread_4,5,main] (DATABASE = BuddyDatabase), (DRDAID = {5}), Database 'BuddyDatabase' shutdown.
----------------------------------------------------------------
Sun Apr 02 10:17:11 EEST 2017:
Booting Derby version The Apache Software Foundation - Apache Derby - 10.11.1.2 - (1629631): instance 1c16805c-015b-2d66-c6a9-ffff987312f4 
on database directory C:\Users\ilysionLaptop\Desktop\CMDbuddy\CommandlineBuddy\src\main\DB\BuddyDatabase with class loader sun.misc.Launcher$AppClassLoader@6f94fa3e 
Loaded from file:/C:/Program%20Files/Java/jdk1.8.0_121/db/lib/derby.jar
java.vendor=Oracle Corporation
java.runtime.version=1.8.0_121-b13
user.dir=C:\Program Files\Java\jdk1.8.0_121\db
os.name=Windows 7
os.arch=amd64
os.version=6.1
derby.system.home=C:\Users\ilysionLaptop\Desktop\CMDbuddy\CommandlineBuddy\src\main\DB
Database Class Loader started - derby.database.classpath=''
----------------------------------------------------------------
Sun Apr 02 10:17:11 EEST 2017:
Shutting down instance 1c16805c-015b-2d66-c6a9-ffff987312f4 on database directory C:\Users\ilysionLaptop\Desktop\CMDbuddy\CommandlineBuddy\src\main\DB\BuddyDatabase with class loader sun.misc.Launcher$AppClassLoader@6f94fa3e 
Sun Apr 02 10:17:11 EEST 2017 Thread[DRDAConnThread_5,5,main] (DATABASE = BuddyDatabase), (DRDAID = {7}), Database 'BuddyDatabase' shutdown.
----------------------------------------------------------------
Sun Apr 02 10:19:34 EEST 2017:
Booting Derby version The Apache Software Foundation - Apache Derby - 10.11.1.2 - (1629631): instance 7c740060-015b-2d66-c6a9-ffff987312f4 
on database directory C:\Users\ilysionLaptop\Desktop\CMDbuddy\CommandlineBuddy\src\main\DB\BuddyDatabase with class loader sun.misc.Launcher$AppClassLoader@6f94fa3e 
Loaded from file:/C:/Program%20Files/Java/jdk1.8.0_121/db/lib/derby.jar
java.vendor=Oracle Corporation
java.runtime.version=1.8.0_121-b13
user.dir=C:\Program Files\Java\jdk1.8.0_121\db
os.name=Windows 7
os.arch=amd64
os.version=6.1
derby.system.home=C:\Users\ilysionLaptop\Desktop\CMDbuddy\CommandlineBuddy\src\main\DB
Database Class Loader started - derby.database.classpath=''
----------------------------------------------------------------
Sun Apr 02 10:19:34 EEST 2017:
Shutting down instance 7c740060-015b-2d66-c6a9-ffff987312f4 on database directory C:\Users\ilysionLaptop\Desktop\CMDbuddy\CommandlineBuddy\src\main\DB\BuddyDatabase with class loader sun.misc.Launcher$AppClassLoader@6f94fa3e 
Sun Apr 02 10:19:34 EEST 2017 Thread[DRDAConnThread_2,5,main] (DATABASE = BuddyDatabase), (DRDAID = {9}), Database 'BuddyDatabase' shutdown.
----------------------------------------------------------------
Sun Apr 02 10:20:08 EEST 2017:
Booting Derby version The Apache Software Foundation - Apache Derby - 10.11.1.2 - (1629631): instance dcd58064-015b-2d66-c6a9-ffff987312f4 
on database directory C:\Users\ilysionLaptop\Desktop\CMDbuddy\CommandlineBuddy\src\main\DB\BuddyDatabase with class loader sun.misc.Launcher$AppClassLoader@6f94fa3e 
Loaded from file:/C:/Program%20Files/Java/jdk1.8.0_121/db/lib/derby.jar
java.vendor=Oracle Corporation
java.runtime.version=1.8.0_121-b13
user.dir=C:\Program Files\Java\jdk1.8.0_121\db
os.name=Windows 7
os.arch=amd64
os.version=6.1
derby.system.home=C:\Users\ilysionLaptop\Desktop\CMDbuddy\CommandlineBuddy\src\main\DB
Database Class Loader started - derby.database.classpath=''
----------------------------------------------------------------
Sun Apr 02 10:20:08 EEST 2017:
Shutting down instance dcd58064-015b-2d66-c6a9-ffff987312f4 on database directory C:\Users\ilysionLaptop\Desktop\CMDbuddy\CommandlineBuddy\src\main\DB\BuddyDatabase with class loader sun.misc.Launcher$AppClassLoader@6f94fa3e 
Sun Apr 02 10:20:08 EEST 2017 Thread[DRDAConnThread_2,5,main] (DATABASE = BuddyDatabase), (DRDAID = {11}), Database 'BuddyDatabase' shutdown.
----------------------------------------------------------------
Sun Apr 02 10:52:54 EEST 2017: Shutting down Derby engine
----------------------------------------------------------------
